<?xml version="1.0" encoding="UTF-8"?>
<!-- Generated by org.testng.reporters.JUnitReportReporter -->
<testsuite hostname="dvlaev" name="com.selenuim.vlay.Web_Test" tests="2" failures="0" timestamp="3 Oct 2015 13:52:01 GMT" time="16.358" errors="0">
  <testcase name="testCreateUser" time="7.008" classname="com.selenuim.vlay.Web_Test"/>
  <testcase name="testDeleteUser" time="9.350" classname="com.selenuim.vlay.Web_Test"/>
</testsuite> <!-- com.selenuim.vlay.Web_Test -->
